<?xml version="1.0" encoding="UTF-8"?>
<!-- Generated by org.testng.reporters.JUnitXMLReporter -->
<testsuite hostname="XE-TMAC-ANUBRATAG" ignored="0" name="Mashreeq Digital App Test Case" tests="4" failures="0" timestamp="27 May 2019 11:10:47 GMT" time="70.79" errors="0">
  <testcase name="verifyNavigationBar" time="0.085" classname="com.mashreeqdigital.qa.test.HomePageTest"/>
  <testcase name="validateNavigationValues" time="0.098" classname="com.mashreeqdigital.qa.test.HomePageTest"/>
  <testcase name="verifyNewsFeedLabel" time="0.029" classname="com.mashreeqdigital.qa.test.HomePageTest"/>
  <testcase name="clickContactUsLink" time="1.514" classname="com.mashreeqdigital.qa.test.HomePageTest"/>
</testsuite> <!-- Mashreeq Digital App Test Case -->
