<?xml version="1.0" encoding="UTF-8"?>
<!-- Generated by org.testng.reporters.JUnitXMLReporter -->
<testsuite hostname="XE-TMAC-ANUBRATAG" ignored="0" name="Mashreeq Digital App Test Cases" tests="4" failures="1" timestamp="27 May 2019 05:46:24 GMT" time="89.225" errors="0">
  <testcase name="verifyNavigationBar" time="0.008" classname="com.mashreeqdigital.qa.test.HomePageTest">
    <failure type="java.lang.NullPointerException">
      <![CDATA[java.lang.NullPointerException
	at com.mashreeqdigital.qa.test.HomePageTest.verifyNavigationBar(HomePageTest.java:50)
... Removed 25 stack frames]]>
    </failure>
  </testcase> <!-- verifyNavigationBar -->
  <testcase name="validateNavigationValues" time="0.229" classname="com.mashreeqdigital.qa.test.HomePageTest"/>
  <testcase name="verifyNewsFeedLabel" time="0.059" classname="com.mashreeqdigital.qa.test.HomePageTest"/>
  <testcase name="clickContactUsLink" time="2.153" classname="com.mashreeqdigital.qa.test.HomePageTest"/>
</testsuite> <!-- Mashreeq Digital App Test Cases -->
