<?xml version="1.0" encoding="UTF-8"?>
<testng-results skipped="0" failed="0" ignored="0" total="4" passed="4">
  <reporter-output>
  </reporter-output>
  <suite name="Mashreeq Digital Application Test Automation Test Suite" duration-ms="70790" started-at="2019-05-27T11:09:37Z" finished-at="2019-05-27T11:10:47Z">
    <groups>
    </groups>
    <test name="Mashreeq Digital App Test Case" duration-ms="70790" started-at="2019-05-27T11:09:37Z" finished-at="2019-05-27T11:10:47Z">
      <class name="com.mashreeqdigital.qa.test.HomePageTest">
        <test-method status="PASS" signature="setUp()[pri:0, instance:com.mashreeqdigital.qa.test.HomePageTest@49139829]" name="setUp" is-config="true" duration-ms="30948" started-at="2019-05-27T15:09:37Z" finished-at="2019-05-27T15:10:08Z">
          <reporter-output>
          </reporter-output>
        </test-method> <!-- setUp -->
        <test-method status="PASS" signature="verifyNavigationBar()[pri:0, instance:com.mashreeqdigital.qa.test.HomePageTest@49139829]" name="verifyNavigationBar" duration-ms="85" started-at="2019-05-27T15:10:08Z" finished-at="2019-05-27T15:10:08Z">
          <reporter-output>
          </reporter-output>
        </test-method> <!-- verifyNavigationBar -->
        <test-method status="PASS" signature="tearDown(org.testng.ITestResult)[pri:0, instance:com.mashreeqdigital.qa.test.HomePageTest@49139829]" name="tearDown" is-config="true" duration-ms="348" started-at="2019-05-27T15:10:08Z" finished-at="2019-05-27T15:10:08Z">
          <params>
            <param index="0">
              <value>
                <![CDATA[[TestResult name=verifyNavigationBar status=SUCCESS method=HomePageTest.verifyNavigationBar()[pri:0, instance:com.mashreeqdigital.qa.test.HomePageTest@49139829] output={null}]]]>
              </value>
            </param>
          </params>
          <reporter-output>
          </reporter-output>
        </test-method> <!-- tearDown -->
        <test-method status="PASS" signature="setUp()[pri:0, instance:com.mashreeqdigital.qa.test.HomePageTest@49139829]" name="setUp" is-config="true" duration-ms="12201" started-at="2019-05-27T15:10:08Z" finished-at="2019-05-27T15:10:20Z">
          <reporter-output>
          </reporter-output>
        </test-method> <!-- setUp -->
        <test-method status="PASS" signature="validateNavigationValues()[pri:2, instance:com.mashreeqdigital.qa.test.HomePageTest@49139829]" name="validateNavigationValues" duration-ms="98" started-at="2019-05-27T15:10:20Z" finished-at="2019-05-27T15:10:20Z">
          <reporter-output>
          </reporter-output>
        </test-method> <!-- validateNavigationValues -->
        <test-method status="PASS" signature="tearDown(org.testng.ITestResult)[pri:0, instance:com.mashreeqdigital.qa.test.HomePageTest@49139829]" name="tearDown" is-config="true" duration-ms="177" started-at="2019-05-27T15:10:20Z" finished-at="2019-05-27T15:10:21Z">
          <params>
            <param index="0">
              <value>
                <![CDATA[[TestResult name=validateNavigationValues status=SUCCESS method=HomePageTest.validateNavigationValues()[pri:2, instance:com.mashreeqdigital.qa.test.HomePageTest@49139829] output={null}]]]>
              </value>
            </param>
          </params>
          <reporter-output>
          </reporter-output>
        </test-method> <!-- tearDown -->
        <test-method status="PASS" signature="setUp()[pri:0, instance:com.mashreeqdigital.qa.test.HomePageTest@49139829]" name="setUp" is-config="true" duration-ms="11448" started-at="2019-05-27T15:10:21Z" finished-at="2019-05-27T15:10:32Z">
          <reporter-output>
          </reporter-output>
        </test-method> <!-- setUp -->
        <test-method status="PASS" signature="verifyNewsFeedLabel()[pri:3, instance:com.mashreeqdigital.qa.test.HomePageTest@49139829]" name="verifyNewsFeedLabel" duration-ms="29" started-at="2019-05-27T15:10:32Z" finished-at="2019-05-27T15:10:32Z">
          <reporter-output>
          </reporter-output>
        </test-method> <!-- verifyNewsFeedLabel -->
        <test-method status="PASS" signature="tearDown(org.testng.ITestResult)[pri:0, instance:com.mashreeqdigital.qa.test.HomePageTest@49139829]" name="tearDown" is-config="true" duration-ms="129" started-at="2019-05-27T15:10:32Z" finished-at="2019-05-27T15:10:32Z">
          <params>
            <param index="0">
              <value>
                <![CDATA[[TestResult name=verifyNewsFeedLabel status=SUCCESS method=HomePageTest.verifyNewsFeedLabel()[pri:3, instance:com.mashreeqdigital.qa.test.HomePageTest@49139829] output={null}]]]>
              </value>
            </param>
          </params>
          <reporter-output>
          </reporter-output>
        </test-method> <!-- tearDown -->
        <test-method status="PASS" signature="setUp()[pri:0, instance:com.mashreeqdigital.qa.test.HomePageTest@49139829]" name="setUp" is-config="true" duration-ms="13668" started-at="2019-05-27T15:10:32Z" finished-at="2019-05-27T15:10:46Z">
          <reporter-output>
          </reporter-output>
        </test-method> <!-- setUp -->
        <test-method status="PASS" signature="clickContactUsLink()[pri:4, instance:com.mashreeqdigital.qa.test.HomePageTest@49139829]" name="clickContactUsLink" duration-ms="1514" started-at="2019-05-27T15:10:46Z" finished-at="2019-05-27T15:10:47Z">
          <reporter-output>
          </reporter-output>
        </test-method> <!-- clickContactUsLink -->
        <test-method status="PASS" signature="tearDown(org.testng.ITestResult)[pri:0, instance:com.mashreeqdigital.qa.test.HomePageTest@49139829]" name="tearDown" is-config="true" duration-ms="119" started-at="2019-05-27T15:10:47Z" finished-at="2019-05-27T15:10:47Z">
          <params>
            <param index="0">
              <value>
                <![CDATA[[TestResult name=clickContactUsLink status=SUCCESS method=HomePageTest.clickContactUsLink()[pri:4, instance:com.mashreeqdigital.qa.test.HomePageTest@49139829] output={null}]]]>
              </value>
            </param>
          </params>
          <reporter-output>
          </reporter-output>
        </test-method> <!-- tearDown -->
      </class> <!-- com.mashreeqdigital.qa.test.HomePageTest -->
    </test> <!-- Mashreeq Digital App Test Case -->
  </suite> <!-- Mashreeq Digital Application Test Automation Test Suite -->
</testng-results>
